<?xml version="1.0" encoding="UTF-8"?>
<!-- Generated by org.testng.reporters.JUnitReportReporter -->
<testsuite skipped="0" hostname="Devilslab" name="Guru99.Automation.login" tests="1" failures="0" timestamp="06 Nov 2017 04:27:19 GMT" time="3.710" errors="0">
  <testcase name="f" time="3.710" classname="Guru99.Automation.login"/>
</testsuite> <!-- Guru99.Automation.login -->
